2018-11-29 01:16:27,120{GMT}	INFO	[jepsen test runner] jepsen.core: Running test:
 {:concurrency 5,
 :db
 #object[jepsen.etcdemo$db$reify__2512 0x794cb26b "jepsen.etcdemo$db$reify__2512@794cb26b"],
 :name "etcd",
 :start-time
 #object[org.joda.time.DateTime 0x47f0f414 "2018-11-29T01:16:27.000Z"],
 :net
 #object[jepsen.net$reify__4286 0x44976b08 "jepsen.net$reify__4286@44976b08"],
 :client {:conn nil},
 :barrier
 #object[java.util.concurrent.CyclicBarrier 0x4e2109fe "java.util.concurrent.CyclicBarrier@4e2109fe"],
 :ssh
 {:username "admin",
  :password "root",
  :strict-host-key-checking false,
  :private-key-path nil},
 :checker
 #object[jepsen.checker$unbridled_optimism$reify__3965 0x1533338c "jepsen.checker$unbridled_optimism$reify__3965@1533338c"],
 :nemesis
 #object[jepsen.nemesis$reify__4369 0x1a5b7394 "jepsen.nemesis$reify__4369@1a5b7394"],
 :active-histories #<Atom@cf10c92: #{}>,
 :nodes
 ["ec2-54-236-10-223.compute-1.amazonaws.com"
  "ec2-100-24-16-184.compute-1.amazonaws.com"
  "ec2-54-204-131-219.compute-1.amazonaws.com"
  "ec2-52-90-218-187.compute-1.amazonaws.com"
  "ec2-34-229-59-126.compute-1.amazonaws.com"],
 :test-count 1,
 :generator
 (gen/timelimit 15 (gen/concat [(gen/on #{:nemesis} nil) (gen/on #object[clojure.core$complement$fn__5391 0x336e3be2 "clojure.core$complement$fn__5391@336e3be2"] (gen/delayfn #object[clojure.core$partial$fn__5561 0x7db47323 "clojure.core$partial$fn__5561@7db47323"] (gen/mix [#object[jepsen.etcdemo$r 0x51a719e7 "jepsen.etcdemo$r@51a719e7"] #object[jepsen.etcdemo$w 0x1073c664 "jepsen.etcdemo$w@1073c664"]])))])),
 :os
 #object[jepsen.os.debian$reify__2496 0x38fb151a "jepsen.os.debian$reify__2496@38fb151a"],
 :time-limit 60,
 :model {}}

2018-11-29 01:16:27,706{GMT}	INFO	[jepsen node ec2-100-24-16-184.compute-1.amazonaws.com] jepsen.os.debian: ec2-100-24-16-184.compute-1.amazonaws.com setting up debian
2018-11-29 01:16:27,706{GMT}	INFO	[jepsen node ec2-34-229-59-126.compute-1.amazonaws.com] jepsen.os.debian: ec2-34-229-59-126.compute-1.amazonaws.com setting up debian
2018-11-29 01:16:27,707{GMT}	INFO	[jepsen node ec2-52-90-218-187.compute-1.amazonaws.com] jepsen.os.debian: ec2-52-90-218-187.compute-1.amazonaws.com setting up debian
2018-11-29 01:16:27,707{GMT}	INFO	[jepsen node ec2-54-204-131-219.compute-1.amazonaws.com] jepsen.os.debian: ec2-54-204-131-219.compute-1.amazonaws.com setting up debian
2018-11-29 01:16:27,709{GMT}	INFO	[jepsen node ec2-54-236-10-223.compute-1.amazonaws.com] jepsen.os.debian: ec2-54-236-10-223.compute-1.amazonaws.com setting up debian
2018-11-29 01:16:28,484{GMT}	INFO	[jepsen test runner] jepsen.db: Tearing down DB
2018-11-29 01:16:28,485{GMT}	INFO	[jepsen node ec2-34-229-59-126.compute-1.amazonaws.com] jepsen.etcdemo: Tearing down etcd v3.1.5
2018-11-29 01:16:28,485{GMT}	INFO	[jepsen node ec2-52-90-218-187.compute-1.amazonaws.com] jepsen.etcdemo: Tearing down etcd v3.1.5
2018-11-29 01:16:28,485{GMT}	INFO	[jepsen node ec2-54-236-10-223.compute-1.amazonaws.com] jepsen.etcdemo: Tearing down etcd v3.1.5
2018-11-29 01:16:28,485{GMT}	INFO	[jepsen node ec2-34-229-59-126.compute-1.amazonaws.com] jepsen.control.util: Stopping etcd
2018-11-29 01:16:28,485{GMT}	INFO	[jepsen node ec2-54-204-131-219.compute-1.amazonaws.com] jepsen.etcdemo: Tearing down etcd v3.1.5
2018-11-29 01:16:28,486{GMT}	INFO	[jepsen node ec2-52-90-218-187.compute-1.amazonaws.com] jepsen.control.util: Stopping etcd
2018-11-29 01:16:28,486{GMT}	INFO	[jepsen node ec2-100-24-16-184.compute-1.amazonaws.com] jepsen.etcdemo: Tearing down etcd v3.1.5
2018-11-29 01:16:28,486{GMT}	INFO	[jepsen node ec2-54-236-10-223.compute-1.amazonaws.com] jepsen.control.util: Stopping etcd
2018-11-29 01:16:28,486{GMT}	INFO	[jepsen node ec2-54-204-131-219.compute-1.amazonaws.com] jepsen.control.util: Stopping etcd
2018-11-29 01:16:28,487{GMT}	INFO	[jepsen node ec2-100-24-16-184.compute-1.amazonaws.com] jepsen.control.util: Stopping etcd
2018-11-29 01:16:28,795{GMT}	INFO	[jepsen test runner] jepsen.db: Setting up DB
2018-11-29 01:16:28,796{GMT}	INFO	[jepsen node ec2-100-24-16-184.compute-1.amazonaws.com] jepsen.etcdemo: Setting up etcd v3.1.5
2018-11-29 01:16:28,797{GMT}	INFO	[jepsen node ec2-54-236-10-223.compute-1.amazonaws.com] jepsen.etcdemo: Setting up etcd v3.1.5
2018-11-29 01:16:28,797{GMT}	INFO	[jepsen node ec2-54-204-131-219.compute-1.amazonaws.com] jepsen.etcdemo: Setting up etcd v3.1.5
2018-11-29 01:16:28,798{GMT}	INFO	[jepsen node ec2-34-229-59-126.compute-1.amazonaws.com] jepsen.etcdemo: Setting up etcd v3.1.5
2018-11-29 01:16:28,798{GMT}	INFO	[jepsen node ec2-52-90-218-187.compute-1.amazonaws.com] jepsen.etcdemo: Setting up etcd v3.1.5
2018-11-29 01:16:30,118{GMT}	INFO	[jepsen node ec2-54-236-10-223.compute-1.amazonaws.com] jepsen.control.util: starting etcd
2018-11-29 01:16:30,119{GMT}	INFO	[jepsen node ec2-52-90-218-187.compute-1.amazonaws.com] jepsen.control.util: starting etcd
2018-11-29 01:16:30,119{GMT}	INFO	[jepsen node ec2-54-204-131-219.compute-1.amazonaws.com] jepsen.control.util: starting etcd
2018-11-29 01:16:30,120{GMT}	INFO	[jepsen node ec2-100-24-16-184.compute-1.amazonaws.com] jepsen.control.util: starting etcd
2018-11-29 01:16:30,120{GMT}	INFO	[jepsen node ec2-34-229-59-126.compute-1.amazonaws.com] jepsen.control.util: starting etcd
2018-11-29 01:16:40,331{GMT}	INFO	[jepsen worker 0] jepsen.core: Starting worker 0
2018-11-29 01:16:40,332{GMT}	INFO	[jepsen worker 2] jepsen.core: Starting worker 2
2018-11-29 01:16:40,331{GMT}	INFO	[jepsen nemesis] jepsen.core: Starting nemesis
2018-11-29 01:16:40,332{GMT}	INFO	[jepsen worker 0] jepsen.core: Running worker 0
2018-11-29 01:16:40,333{GMT}	INFO	[jepsen worker 4] jepsen.core: Starting worker 4
2018-11-29 01:16:40,332{GMT}	INFO	[jepsen worker 3] jepsen.core: Starting worker 3
2018-11-29 01:16:40,333{GMT}	INFO	[jepsen worker 2] jepsen.core: Running worker 2
2018-11-29 01:16:40,333{GMT}	INFO	[jepsen nemesis] jepsen.core: Running nemesis
2018-11-29 01:16:40,341{GMT}	INFO	[jepsen worker 1] jepsen.core: Starting worker 1
2018-11-29 01:16:40,341{GMT}	INFO	[jepsen worker 4] jepsen.core: Running worker 4
2018-11-29 01:16:40,341{GMT}	INFO	[jepsen worker 3] jepsen.core: Running worker 3
2018-11-29 01:16:40,342{GMT}	INFO	[jepsen nemesis] jepsen.core: Stopping nemesis
2018-11-29 01:16:40,343{GMT}	INFO	[jepsen worker 1] jepsen.core: Running worker 1
2018-11-29 01:16:40,505{GMT}	INFO	[jepsen worker 1] jepsen.util: 1	:invoke	:read	nil
2018-11-29 01:16:40,609{GMT}	INFO	[jepsen worker 1] jepsen.util: 1	:ok	:read	nil
2018-11-29 01:16:40,615{GMT}	INFO	[jepsen worker 2] jepsen.util: 2	:invoke	:read	nil
2018-11-29 01:16:40,620{GMT}	INFO	[jepsen worker 2] jepsen.util: 2	:ok	:read	nil
2018-11-29 01:16:41,225{GMT}	INFO	[jepsen worker 0] jepsen.util: 0	:invoke	:read	nil
2018-11-29 01:16:41,233{GMT}	INFO	[jepsen worker 0] jepsen.util: 0	:ok	:read	nil
2018-11-29 01:16:41,332{GMT}	INFO	[jepsen worker 3] jepsen.util: 3	:invoke	:write	4
2018-11-29 01:16:41,344{GMT}	INFO	[jepsen worker 3] jepsen.util: 3	:ok	:write	4
2018-11-29 01:16:41,426{GMT}	INFO	[jepsen worker 3] jepsen.util: 3	:invoke	:write	1
2018-11-29 01:16:41,434{GMT}	INFO	[jepsen worker 3] jepsen.util: 3	:ok	:write	1
2018-11-29 01:16:41,820{GMT}	INFO	[jepsen worker 2] jepsen.util: 2	:invoke	:read	nil
2018-11-29 01:16:41,826{GMT}	INFO	[jepsen worker 2] jepsen.util: 2	:ok	:read	1
2018-11-29 01:16:41,990{GMT}	INFO	[jepsen worker 4] jepsen.util: 4	:invoke	:write	2
2018-11-29 01:16:41,998{GMT}	INFO	[jepsen worker 4] jepsen.util: 4	:ok	:write	2
2018-11-29 01:16:42,169{GMT}	INFO	[jepsen worker 1] jepsen.util: 1	:invoke	:write	2
2018-11-29 01:16:42,180{GMT}	INFO	[jepsen worker 1] jepsen.util: 1	:ok	:write	2
2018-11-29 01:16:42,192{GMT}	INFO	[jepsen worker 4] jepsen.util: 4	:invoke	:write	1
2018-11-29 01:16:42,200{GMT}	INFO	[jepsen worker 4] jepsen.util: 4	:ok	:write	1
2018-11-29 01:16:42,820{GMT}	INFO	[jepsen worker 2] jepsen.util: 2	:invoke	:read	nil
2018-11-29 01:16:42,825{GMT}	INFO	[jepsen worker 2] jepsen.util: 2	:ok	:read	1
2018-11-29 01:16:42,983{GMT}	INFO	[jepsen worker 0] jepsen.util: 0	:invoke	:read	nil
2018-11-29 01:16:42,989{GMT}	INFO	[jepsen worker 0] jepsen.util: 0	:ok	:read	1
2018-11-29 01:16:43,143{GMT}	INFO	[jepsen worker 3] jepsen.util: 3	:invoke	:write	0
2018-11-29 01:16:43,152{GMT}	INFO	[jepsen worker 3] jepsen.util: 3	:ok	:write	0
2018-11-29 01:16:43,342{GMT}	INFO	[jepsen worker 0] jepsen.util: 0	:invoke	:read	nil
2018-11-29 01:16:43,348{GMT}	INFO	[jepsen worker 0] jepsen.util: 0	:ok	:read	0
2018-11-29 01:16:43,719{GMT}	INFO	[jepsen worker 1] jepsen.util: 1	:invoke	:read	nil
2018-11-29 01:16:43,725{GMT}	INFO	[jepsen worker 1] jepsen.util: 1	:ok	:read	0
2018-11-29 01:16:43,800{GMT}	INFO	[jepsen worker 0] jepsen.util: 0	:invoke	:read	nil
2018-11-29 01:16:43,804{GMT}	INFO	[jepsen worker 0] jepsen.util: 0	:ok	:read	0
2018-11-29 01:16:43,975{GMT}	INFO	[jepsen worker 2] jepsen.util: 2	:invoke	:read	nil
2018-11-29 01:16:43,981{GMT}	INFO	[jepsen worker 2] jepsen.util: 2	:ok	:read	0
2018-11-29 01:16:44,158{GMT}	INFO	[jepsen worker 0] jepsen.util: 0	:invoke	:read	nil
2018-11-29 01:16:44,162{GMT}	INFO	[jepsen worker 0] jepsen.util: 0	:ok	:read	0
2018-11-29 01:16:44,196{GMT}	INFO	[jepsen worker 4] jepsen.util: 4	:invoke	:read	nil
2018-11-29 01:16:44,200{GMT}	INFO	[jepsen worker 4] jepsen.util: 4	:ok	:read	0
2018-11-29 01:16:44,352{GMT}	INFO	[jepsen worker 1] jepsen.util: 1	:invoke	:write	4
2018-11-29 01:16:44,359{GMT}	INFO	[jepsen worker 1] jepsen.util: 1	:ok	:write	4
2018-11-29 01:16:45,061{GMT}	INFO	[jepsen worker 3] jepsen.util: 3	:invoke	:read	nil
2018-11-29 01:16:45,066{GMT}	INFO	[jepsen worker 3] jepsen.util: 3	:ok	:read	4
2018-11-29 01:16:45,121{GMT}	INFO	[jepsen worker 0] jepsen.util: 0	:invoke	:write	1
2018-11-29 01:16:45,127{GMT}	INFO	[jepsen worker 0] jepsen.util: 0	:ok	:write	1
2018-11-29 01:16:45,471{GMT}	INFO	[jepsen worker 3] jepsen.util: 3	:invoke	:read	nil
2018-11-29 01:16:45,476{GMT}	INFO	[jepsen worker 3] jepsen.util: 3	:ok	:read	1
2018-11-29 01:16:45,644{GMT}	INFO	[jepsen worker 2] jepsen.util: 2	:invoke	:read	nil
2018-11-29 01:16:45,649{GMT}	INFO	[jepsen worker 2] jepsen.util: 2	:ok	:read	1
2018-11-29 01:16:45,940{GMT}	INFO	[jepsen worker 1] jepsen.util: 1	:invoke	:write	3
2018-11-29 01:16:45,948{GMT}	INFO	[jepsen worker 1] jepsen.util: 1	:ok	:write	3
2018-11-29 01:16:45,990{GMT}	INFO	[jepsen worker 4] jepsen.util: 4	:invoke	:write	1
2018-11-29 01:16:45,997{GMT}	INFO	[jepsen worker 4] jepsen.util: 4	:ok	:write	1
2018-11-29 01:16:46,032{GMT}	INFO	[jepsen worker 2] jepsen.util: 2	:invoke	:write	4
2018-11-29 01:16:46,038{GMT}	INFO	[jepsen worker 2] jepsen.util: 2	:ok	:write	4
2018-11-29 01:16:46,250{GMT}	INFO	[jepsen worker 3] jepsen.util: 3	:invoke	:write	2
2018-11-29 01:16:46,257{GMT}	INFO	[jepsen worker 3] jepsen.util: 3	:ok	:write	2
2018-11-29 01:16:46,394{GMT}	INFO	[jepsen worker 3] jepsen.util: 3	:invoke	:read	nil
2018-11-29 01:16:46,399{GMT}	INFO	[jepsen worker 3] jepsen.util: 3	:ok	:read	2
2018-11-29 01:16:46,727{GMT}	INFO	[jepsen worker 0] jepsen.util: 0	:invoke	:read	nil
2018-11-29 01:16:46,732{GMT}	INFO	[jepsen worker 0] jepsen.util: 0	:ok	:read	2
2018-11-29 01:16:47,189{GMT}	INFO	[jepsen worker 1] jepsen.util: 1	:invoke	:write	0
2018-11-29 01:16:47,199{GMT}	INFO	[jepsen worker 1] jepsen.util: 1	:ok	:write	0
2018-11-29 01:16:47,213{GMT}	INFO	[jepsen worker 4] jepsen.util: 4	:invoke	:read	nil
2018-11-29 01:16:47,217{GMT}	INFO	[jepsen worker 4] jepsen.util: 4	:ok	:read	0
2018-11-29 01:16:47,490{GMT}	INFO	[jepsen worker 0] jepsen.util: 0	:invoke	:write	2
2018-11-29 01:16:47,497{GMT}	INFO	[jepsen worker 0] jepsen.util: 0	:ok	:write	2
2018-11-29 01:16:47,555{GMT}	INFO	[jepsen worker 1] jepsen.util: 1	:invoke	:write	3
2018-11-29 01:16:47,563{GMT}	INFO	[jepsen worker 1] jepsen.util: 1	:ok	:write	3
2018-11-29 01:16:47,935{GMT}	INFO	[jepsen worker 0] jepsen.util: 0	:invoke	:write	2
2018-11-29 01:16:47,942{GMT}	INFO	[jepsen worker 0] jepsen.util: 0	:ok	:write	2
2018-11-29 01:16:47,952{GMT}	INFO	[jepsen worker 3] jepsen.util: 3	:invoke	:read	nil
2018-11-29 01:16:47,957{GMT}	INFO	[jepsen worker 3] jepsen.util: 3	:ok	:read	2
2018-11-29 01:16:47,999{GMT}	INFO	[jepsen worker 2] jepsen.util: 2	:invoke	:write	2
2018-11-29 01:16:48,005{GMT}	INFO	[jepsen worker 2] jepsen.util: 2	:ok	:write	2
2018-11-29 01:16:48,091{GMT}	INFO	[jepsen worker 1] jepsen.util: 1	:invoke	:write	0
2018-11-29 01:16:48,099{GMT}	INFO	[jepsen worker 1] jepsen.util: 1	:ok	:write	0
2018-11-29 01:16:48,552{GMT}	INFO	[jepsen worker 4] jepsen.util: 4	:invoke	:write	2
2018-11-29 01:16:48,560{GMT}	INFO	[jepsen worker 4] jepsen.util: 4	:ok	:write	2
2018-11-29 01:16:48,790{GMT}	INFO	[jepsen worker 4] jepsen.util: 4	:invoke	:read	nil
2018-11-29 01:16:48,795{GMT}	INFO	[jepsen worker 4] jepsen.util: 4	:ok	:read	2
2018-11-29 01:16:48,980{GMT}	INFO	[jepsen worker 0] jepsen.util: 0	:invoke	:read	nil
2018-11-29 01:16:48,984{GMT}	INFO	[jepsen worker 0] jepsen.util: 0	:ok	:read	2
2018-11-29 01:16:49,169{GMT}	INFO	[jepsen worker 3] jepsen.util: 3	:invoke	:read	nil
2018-11-29 01:16:49,174{GMT}	INFO	[jepsen worker 3] jepsen.util: 3	:ok	:read	2
2018-11-29 01:16:49,180{GMT}	INFO	[jepsen worker 1] jepsen.util: 1	:invoke	:write	1
2018-11-29 01:16:49,187{GMT}	INFO	[jepsen worker 1] jepsen.util: 1	:ok	:write	1
2018-11-29 01:16:49,265{GMT}	INFO	[jepsen worker 3] jepsen.util: 3	:invoke	:read	nil
2018-11-29 01:16:49,270{GMT}	INFO	[jepsen worker 3] jepsen.util: 3	:ok	:read	1
2018-11-29 01:16:49,377{GMT}	INFO	[jepsen worker 2] jepsen.util: 2	:invoke	:read	nil
2018-11-29 01:16:49,382{GMT}	INFO	[jepsen worker 2] jepsen.util: 2	:ok	:read	1
2018-11-29 01:16:49,747{GMT}	INFO	[jepsen worker 0] jepsen.util: 0	:invoke	:read	nil
2018-11-29 01:16:49,752{GMT}	INFO	[jepsen worker 0] jepsen.util: 0	:ok	:read	1
2018-11-29 01:16:49,791{GMT}	INFO	[jepsen worker 0] jepsen.util: 0	:invoke	:read	nil
2018-11-29 01:16:49,795{GMT}	INFO	[jepsen worker 0] jepsen.util: 0	:ok	:read	1
2018-11-29 01:16:49,960{GMT}	INFO	[jepsen worker 3] jepsen.util: 3	:invoke	:write	1
2018-11-29 01:16:49,967{GMT}	INFO	[jepsen worker 3] jepsen.util: 3	:ok	:write	1
2018-11-29 01:16:49,998{GMT}	INFO	[jepsen worker 1] jepsen.util: 1	:invoke	:write	1
2018-11-29 01:16:50,005{GMT}	INFO	[jepsen worker 1] jepsen.util: 1	:ok	:write	1
2018-11-29 01:16:50,060{GMT}	INFO	[jepsen worker 3] jepsen.util: 3	:invoke	:read	nil
2018-11-29 01:16:50,064{GMT}	INFO	[jepsen worker 3] jepsen.util: 3	:ok	:read	1
2018-11-29 01:16:50,196{GMT}	INFO	[jepsen worker 0] jepsen.util: 0	:invoke	:read	nil
2018-11-29 01:16:50,201{GMT}	INFO	[jepsen worker 0] jepsen.util: 0	:ok	:read	1
2018-11-29 01:16:50,480{GMT}	INFO	[jepsen worker 2] jepsen.util: 2	:invoke	:write	0
2018-11-29 01:16:50,487{GMT}	INFO	[jepsen worker 2] jepsen.util: 2	:ok	:write	0
2018-11-29 01:16:50,658{GMT}	INFO	[jepsen worker 4] jepsen.util: 4	:invoke	:write	4
2018-11-29 01:16:50,665{GMT}	INFO	[jepsen worker 4] jepsen.util: 4	:ok	:write	4
2018-11-29 01:16:50,964{GMT}	INFO	[jepsen worker 0] jepsen.util: 0	:invoke	:read	nil
2018-11-29 01:16:50,968{GMT}	INFO	[jepsen worker 0] jepsen.util: 0	:ok	:read	4
2018-11-29 01:16:50,989{GMT}	INFO	[jepsen worker 1] jepsen.util: 1	:invoke	:read	nil
2018-11-29 01:16:50,993{GMT}	INFO	[jepsen worker 1] jepsen.util: 1	:ok	:read	4
2018-11-29 01:16:51,354{GMT}	INFO	[jepsen worker 4] jepsen.util: 4	:invoke	:write	0
2018-11-29 01:16:51,361{GMT}	INFO	[jepsen worker 4] jepsen.util: 4	:ok	:write	0
2018-11-29 01:16:51,468{GMT}	INFO	[jepsen worker 2] jepsen.util: 2	:invoke	:write	1
2018-11-29 01:16:51,475{GMT}	INFO	[jepsen worker 2] jepsen.util: 2	:ok	:write	1
2018-11-29 01:16:51,772{GMT}	INFO	[jepsen worker 3] jepsen.util: 3	:invoke	:read	nil
2018-11-29 01:16:51,777{GMT}	INFO	[jepsen worker 3] jepsen.util: 3	:ok	:read	1
2018-11-29 01:16:51,786{GMT}	INFO	[jepsen worker 0] jepsen.util: 0	:invoke	:write	0
2018-11-29 01:16:51,792{GMT}	INFO	[jepsen worker 0] jepsen.util: 0	:ok	:write	0
2018-11-29 01:16:52,347{GMT}	INFO	[jepsen worker 4] jepsen.util: 4	:invoke	:read	nil
2018-11-29 01:16:52,352{GMT}	INFO	[jepsen worker 4] jepsen.util: 4	:ok	:read	0
2018-11-29 01:16:52,353{GMT}	INFO	[jepsen worker 2] jepsen.util: 2	:invoke	:read	nil
2018-11-29 01:16:52,358{GMT}	INFO	[jepsen worker 2] jepsen.util: 2	:ok	:read	0
2018-11-29 01:16:52,729{GMT}	INFO	[jepsen worker 1] jepsen.util: 1	:invoke	:read	nil
2018-11-29 01:16:52,734{GMT}	INFO	[jepsen worker 1] jepsen.util: 1	:ok	:read	0
2018-11-29 01:16:52,819{GMT}	INFO	[jepsen worker 4] jepsen.util: 4	:invoke	:write	0
2018-11-29 01:16:52,826{GMT}	INFO	[jepsen worker 4] jepsen.util: 4	:ok	:write	0
2018-11-29 01:16:52,977{GMT}	INFO	[jepsen worker 2] jepsen.util: 2	:invoke	:write	2
2018-11-29 01:16:52,984{GMT}	INFO	[jepsen worker 2] jepsen.util: 2	:ok	:write	2
2018-11-29 01:16:53,123{GMT}	INFO	[jepsen worker 2] jepsen.util: 2	:invoke	:write	0
2018-11-29 01:16:53,130{GMT}	INFO	[jepsen worker 2] jepsen.util: 2	:ok	:write	0
2018-11-29 01:16:53,292{GMT}	INFO	[jepsen worker 0] jepsen.util: 0	:invoke	:write	1
2018-11-29 01:16:53,299{GMT}	INFO	[jepsen worker 0] jepsen.util: 0	:ok	:write	1
2018-11-29 01:16:53,588{GMT}	INFO	[jepsen worker 1] jepsen.util: 1	:invoke	:read	nil
2018-11-29 01:16:53,594{GMT}	INFO	[jepsen worker 1] jepsen.util: 1	:ok	:read	1
2018-11-29 01:16:53,744{GMT}	INFO	[jepsen worker 3] jepsen.util: 3	:invoke	:read	nil
2018-11-29 01:16:53,748{GMT}	INFO	[jepsen worker 3] jepsen.util: 3	:ok	:read	1
2018-11-29 01:16:54,122{GMT}	INFO	[jepsen worker 2] jepsen.util: 2	:invoke	:read	nil
2018-11-29 01:16:54,126{GMT}	INFO	[jepsen worker 2] jepsen.util: 2	:ok	:read	1
2018-11-29 01:16:54,169{GMT}	INFO	[jepsen worker 4] jepsen.util: 4	:invoke	:write	2
2018-11-29 01:16:54,176{GMT}	INFO	[jepsen worker 4] jepsen.util: 4	:ok	:write	2
2018-11-29 01:16:54,215{GMT}	INFO	[jepsen worker 0] jepsen.util: 0	:invoke	:write	4
2018-11-29 01:16:54,221{GMT}	INFO	[jepsen worker 0] jepsen.util: 0	:ok	:write	4
2018-11-29 01:16:54,266{GMT}	INFO	[jepsen worker 4] jepsen.util: 4	:invoke	:read	nil
2018-11-29 01:16:54,270{GMT}	INFO	[jepsen worker 4] jepsen.util: 4	:ok	:read	4
2018-11-29 01:16:54,361{GMT}	INFO	[jepsen worker 2] jepsen.util: 2	:invoke	:write	1
2018-11-29 01:16:54,368{GMT}	INFO	[jepsen worker 2] jepsen.util: 2	:ok	:write	1
2018-11-29 01:16:54,496{GMT}	INFO	[jepsen worker 3] jepsen.util: 3	:invoke	:write	4
2018-11-29 01:16:54,503{GMT}	INFO	[jepsen worker 3] jepsen.util: 3	:ok	:write	4
2018-11-29 01:16:54,562{GMT}	INFO	[jepsen worker 4] jepsen.util: 4	:invoke	:write	4
2018-11-29 01:16:54,568{GMT}	INFO	[jepsen worker 4] jepsen.util: 4	:ok	:write	4
2018-11-29 01:16:54,823{GMT}	INFO	[jepsen worker 3] jepsen.util: 3	:invoke	:read	nil
2018-11-29 01:16:54,828{GMT}	INFO	[jepsen worker 3] jepsen.util: 3	:ok	:read	4
2018-11-29 01:16:55,336{GMT}	INFO	[jepsen worker 0] jepsen.core: Stopping worker 0
2018-11-29 01:16:55,339{GMT}	INFO	[jepsen worker 3] jepsen.core: Stopping worker 3
2018-11-29 01:16:55,340{GMT}	INFO	[jepsen worker 2] jepsen.core: Stopping worker 2
2018-11-29 01:16:55,343{GMT}	INFO	[jepsen worker 1] jepsen.core: Stopping worker 1
2018-11-29 01:16:55,347{GMT}	INFO	[jepsen worker 4] jepsen.core: Stopping worker 4
2018-11-29 01:16:55,354{GMT}	INFO	[jepsen test runner] jepsen.core: Run complete, writing
2018-11-29 01:16:55,396{GMT}	INFO	[jepsen test runner] jepsen.core: Analyzing...
2018-11-29 01:16:55,397{GMT}	INFO	[jepsen test runner] jepsen.core: Analysis complete
2018-11-29 01:16:55,411{GMT}	INFO	[jepsen results] jepsen.store: Wrote /home/admin/jepsen.etcdemo/store/etcd/20181129T011627.000Z/results.edn
2018-11-29 01:16:55,412{GMT}	INFO	[jepsen test runner] jepsen.core: Snarfing log files
2018-11-29 01:16:55,416{GMT}	INFO	[jepsen node ec2-100-24-16-184.compute-1.amazonaws.com] jepsen.core: downloading /opt/etcd/etcd.log to etcd.log
2018-11-29 01:16:55,416{GMT}	INFO	[jepsen node ec2-34-229-59-126.compute-1.amazonaws.com] jepsen.core: downloading /opt/etcd/etcd.log to etcd.log
2018-11-29 01:16:55,416{GMT}	INFO	[jepsen node ec2-54-236-10-223.compute-1.amazonaws.com] jepsen.core: downloading /opt/etcd/etcd.log to etcd.log
2018-11-29 01:16:55,420{GMT}	INFO	[jepsen node ec2-52-90-218-187.compute-1.amazonaws.com] jepsen.core: downloading /opt/etcd/etcd.log to etcd.log
2018-11-29 01:16:55,421{GMT}	INFO	[jepsen node ec2-54-204-131-219.compute-1.amazonaws.com] jepsen.core: downloading /opt/etcd/etcd.log to etcd.log
2018-11-29 01:16:55,449{GMT}	INFO	[jepsen node ec2-54-236-10-223.compute-1.amazonaws.com] jepsen.etcdemo: Tearing down etcd v3.1.5
2018-11-29 01:16:55,449{GMT}	INFO	[jepsen node ec2-54-236-10-223.compute-1.amazonaws.com] jepsen.control.util: Stopping etcd
2018-11-29 01:16:55,449{GMT}	INFO	[jepsen node ec2-52-90-218-187.compute-1.amazonaws.com] jepsen.etcdemo: Tearing down etcd v3.1.5
2018-11-29 01:16:55,449{GMT}	INFO	[jepsen node ec2-52-90-218-187.compute-1.amazonaws.com] jepsen.control.util: Stopping etcd
2018-11-29 01:16:55,450{GMT}	INFO	[jepsen node ec2-54-204-131-219.compute-1.amazonaws.com] jepsen.etcdemo: Tearing down etcd v3.1.5
2018-11-29 01:16:55,450{GMT}	INFO	[jepsen node ec2-54-204-131-219.compute-1.amazonaws.com] jepsen.control.util: Stopping etcd
2018-11-29 01:16:55,450{GMT}	INFO	[jepsen node ec2-100-24-16-184.compute-1.amazonaws.com] jepsen.etcdemo: Tearing down etcd v3.1.5
2018-11-29 01:16:55,450{GMT}	INFO	[jepsen node ec2-100-24-16-184.compute-1.amazonaws.com] jepsen.control.util: Stopping etcd
2018-11-29 01:16:55,450{GMT}	INFO	[jepsen node ec2-34-229-59-126.compute-1.amazonaws.com] jepsen.etcdemo: Tearing down etcd v3.1.5
2018-11-29 01:16:55,450{GMT}	INFO	[jepsen node ec2-34-229-59-126.compute-1.amazonaws.com] jepsen.control.util: Stopping etcd
2018-11-29 01:16:55,771{GMT}	INFO	[jepsen test runner] jepsen.core: {:valid? true}


Everything looks good! ヽ(‘ー`)ノ
