2018-11-29 01:16:29 Jepsen starting etcd :--log-output :stderr :--name ec2-54-236-10-223.compute-1.amazonaws.com :--listen-peer-urls http://ec2-54-236-10-223.compute-1.amazonaws.com:2380 :--listen-client-urls http://ec2-54-236-10-223.compute-1.amazonaws.com:2379 :--advertise-client-urls http://ec2-54-236-10-223.compute-1.amazonaws.com:2379 :--initial-cluster-state :new :--initial-advertise-peer-urls http://ec2-54-236-10-223.compute-1.amazonaws.com:2380 :--initial-cluster ec2-54-236-10-223.compute-1.amazonaws.com=http://ec2-54-236-10-223.compute-1.amazonaws.com:2380,ec2-100-24-16-184.compute-1.amazonaws.com=http://ec2-100-24-16-184.compute-1.amazonaws.com:2380,ec2-54-204-131-219.compute-1.amazonaws.com=http://ec2-54-204-131-219.compute-1.amazonaws.com:2380,ec2-52-90-218-187.compute-1.amazonaws.com=http://ec2-52-90-218-187.compute-1.amazonaws.com:2380,ec2-34-229-59-126.compute-1.amazonaws.com=http://ec2-34-229-59-126.compute-1.amazonaws.com:2380
2018-11-29 01:16:29.177514 I | etcdmain: etcd Version: 3.1.5
2018-11-29 01:16:29.177546 I | etcdmain: Git SHA: 20490ca
2018-11-29 01:16:29.177554 I | etcdmain: Go Version: go1.7.5
2018-11-29 01:16:29.177559 I | etcdmain: Go OS/Arch: linux/amd64
2018-11-29 01:16:29.177564 I | etcdmain: setting maximum number of CPUs to 2, total number of available CPUs is 2
2018-11-29 01:16:29.177576 W | etcdmain: no data-dir provided, using default data-dir ./ec2-54-236-10-223.compute-1.amazonaws.com.etcd
2018-11-29 01:16:29.177588 W | embed: expected IP in URL for binding (http://ec2-54-236-10-223.compute-1.amazonaws.com:2380)
2018-11-29 01:16:29.177594 W | embed: expected IP in URL for binding (http://ec2-54-236-10-223.compute-1.amazonaws.com:2379)
2018-11-29 01:16:29.179724 I | embed: listening for peers on http://ec2-54-236-10-223.compute-1.amazonaws.com:2380
2018-11-29 01:16:29.180221 I | embed: listening for client requests on ec2-54-236-10-223.compute-1.amazonaws.com:2379
2018-11-29 01:16:29.184199 I | pkg/netutil: resolving ec2-54-236-10-223.compute-1.amazonaws.com:2380 to 172.31.25.64:2380
2018-11-29 01:16:29.184646 I | pkg/netutil: resolving ec2-54-236-10-223.compute-1.amazonaws.com:2380 to 172.31.25.64:2380
2018-11-29 01:16:33.185763 I | etcdserver: name = ec2-54-236-10-223.compute-1.amazonaws.com
2018-11-29 01:16:33.185797 I | etcdserver: data dir = ec2-54-236-10-223.compute-1.amazonaws.com.etcd
2018-11-29 01:16:33.185805 I | etcdserver: member dir = ec2-54-236-10-223.compute-1.amazonaws.com.etcd/member
2018-11-29 01:16:33.185810 I | etcdserver: heartbeat = 100ms
2018-11-29 01:16:33.185815 I | etcdserver: election = 1000ms
2018-11-29 01:16:33.185821 I | etcdserver: snapshot count = 10000
2018-11-29 01:16:33.185833 I | etcdserver: advertise client URLs = http://ec2-54-236-10-223.compute-1.amazonaws.com:2379
2018-11-29 01:16:33.185840 I | etcdserver: initial advertise peer URLs = http://ec2-54-236-10-223.compute-1.amazonaws.com:2380
2018-11-29 01:16:33.185881 I | etcdserver: initial cluster = ec2-100-24-16-184.compute-1.amazonaws.com=http://ec2-100-24-16-184.compute-1.amazonaws.com:2380,ec2-34-229-59-126.compute-1.amazonaws.com=http://ec2-34-229-59-126.compute-1.amazonaws.com:2380,ec2-52-90-218-187.compute-1.amazonaws.com=http://ec2-52-90-218-187.compute-1.amazonaws.com:2380,ec2-54-204-131-219.compute-1.amazonaws.com=http://ec2-54-204-131-219.compute-1.amazonaws.com:2380,ec2-54-236-10-223.compute-1.amazonaws.com=http://ec2-54-236-10-223.compute-1.amazonaws.com:2380
2018-11-29 01:16:33.189354 I | etcdserver: starting member f6f0c3a0ba455ab3 in cluster 38957ac2ed0cbd2c
2018-11-29 01:16:33.189381 I | raft: f6f0c3a0ba455ab3 became follower at term 0
2018-11-29 01:16:33.189391 I | raft: newRaft f6f0c3a0ba455ab3 [peers: [], term: 0, commit: 0, applied: 0, lastindex: 0, lastterm: 0]
2018-11-29 01:16:33.189398 I | raft: f6f0c3a0ba455ab3 became follower at term 1
2018-11-29 01:16:33.200015 I | rafthttp: starting peer 10bf218ab4a912ed...
2018-11-29 01:16:33.200061 I | rafthttp: started HTTP pipelining with peer 10bf218ab4a912ed
2018-11-29 01:16:33.201413 I | rafthttp: started streaming with peer 10bf218ab4a912ed (writer)
2018-11-29 01:16:33.204581 I | rafthttp: started streaming with peer 10bf218ab4a912ed (writer)
2018-11-29 01:16:33.204608 I | rafthttp: started peer 10bf218ab4a912ed
2018-11-29 01:16:33.204632 I | rafthttp: added peer 10bf218ab4a912ed
2018-11-29 01:16:33.204639 I | rafthttp: started streaming with peer 10bf218ab4a912ed (stream MsgApp v2 reader)
2018-11-29 01:16:33.204673 I | rafthttp: started streaming with peer 10bf218ab4a912ed (stream Message reader)
2018-11-29 01:16:33.204778 I | rafthttp: starting peer 8893f9e0ef4f611f...
2018-11-29 01:16:33.204801 I | rafthttp: started HTTP pipelining with peer 8893f9e0ef4f611f
2018-11-29 01:16:33.205926 I | rafthttp: started peer 8893f9e0ef4f611f
2018-11-29 01:16:33.205950 I | rafthttp: added peer 8893f9e0ef4f611f
2018-11-29 01:16:33.205966 I | rafthttp: starting peer e119ce2abc051435...
2018-11-29 01:16:33.205993 I | rafthttp: started HTTP pipelining with peer e119ce2abc051435
2018-11-29 01:16:33.206314 I | rafthttp: started streaming with peer 8893f9e0ef4f611f (writer)
2018-11-29 01:16:33.206329 I | rafthttp: started streaming with peer 8893f9e0ef4f611f (writer)
2018-11-29 01:16:33.206357 I | rafthttp: started streaming with peer 8893f9e0ef4f611f (stream MsgApp v2 reader)
2018-11-29 01:16:33.206541 I | rafthttp: started streaming with peer e119ce2abc051435 (writer)
2018-11-29 01:16:33.208767 I | rafthttp: started peer e119ce2abc051435
2018-11-29 01:16:33.208791 I | rafthttp: added peer e119ce2abc051435
2018-11-29 01:16:33.208808 I | rafthttp: starting peer e7c1c60b864ae98b...
2018-11-29 01:16:33.208827 I | rafthttp: started HTTP pipelining with peer e7c1c60b864ae98b
2018-11-29 01:16:33.210003 I | rafthttp: started peer e7c1c60b864ae98b
2018-11-29 01:16:33.210023 I | rafthttp: added peer e7c1c60b864ae98b
2018-11-29 01:16:33.210037 I | etcdserver: starting server... [version: 3.1.5, cluster version: to_be_decided]
2018-11-29 01:16:33.210275 I | rafthttp: started streaming with peer e119ce2abc051435 (writer)
2018-11-29 01:16:33.210324 I | rafthttp: started streaming with peer e119ce2abc051435 (stream MsgApp v2 reader)
2018-11-29 01:16:33.210495 I | rafthttp: started streaming with peer e119ce2abc051435 (stream Message reader)
2018-11-29 01:16:33.210908 I | rafthttp: started streaming with peer 8893f9e0ef4f611f (stream Message reader)
2018-11-29 01:16:33.210992 I | rafthttp: started streaming with peer e7c1c60b864ae98b (writer)
2018-11-29 01:16:33.211016 I | rafthttp: started streaming with peer e7c1c60b864ae98b (writer)
2018-11-29 01:16:33.211028 I | rafthttp: started streaming with peer e7c1c60b864ae98b (stream MsgApp v2 reader)
2018-11-29 01:16:33.211177 I | rafthttp: started streaming with peer e7c1c60b864ae98b (stream Message reader)
2018-11-29 01:16:33.213031 I | etcdserver/membership: added member 10bf218ab4a912ed [http://ec2-54-204-131-219.compute-1.amazonaws.com:2380] to cluster 38957ac2ed0cbd2c
2018-11-29 01:16:33.213118 I | etcdserver/membership: added member 8893f9e0ef4f611f [http://ec2-34-229-59-126.compute-1.amazonaws.com:2380] to cluster 38957ac2ed0cbd2c
2018-11-29 01:16:33.213204 I | etcdserver/membership: added member e119ce2abc051435 [http://ec2-100-24-16-184.compute-1.amazonaws.com:2380] to cluster 38957ac2ed0cbd2c
2018-11-29 01:16:33.213296 I | etcdserver/membership: added member e7c1c60b864ae98b [http://ec2-52-90-218-187.compute-1.amazonaws.com:2380] to cluster 38957ac2ed0cbd2c
2018-11-29 01:16:33.213390 I | etcdserver/membership: added member f6f0c3a0ba455ab3 [http://ec2-54-236-10-223.compute-1.amazonaws.com:2380] to cluster 38957ac2ed0cbd2c
2018-11-29 01:16:33.218289 I | rafthttp: peer e119ce2abc051435 became active
2018-11-29 01:16:33.218305 I | rafthttp: established a TCP streaming connection with peer e119ce2abc051435 (stream MsgApp v2 reader)
2018-11-29 01:16:33.224086 I | rafthttp: established a TCP streaming connection with peer e119ce2abc051435 (stream Message reader)
2018-11-29 01:16:33.224369 I | rafthttp: established a TCP streaming connection with peer e119ce2abc051435 (stream MsgApp v2 writer)
2018-11-29 01:16:33.224497 I | rafthttp: established a TCP streaming connection with peer e119ce2abc051435 (stream Message writer)
2018-11-29 01:16:33.224913 I | rafthttp: peer 10bf218ab4a912ed became active
2018-11-29 01:16:33.224928 I | rafthttp: established a TCP streaming connection with peer 10bf218ab4a912ed (stream Message reader)
2018-11-29 01:16:33.224973 I | rafthttp: established a TCP streaming connection with peer 10bf218ab4a912ed (stream MsgApp v2 reader)
2018-11-29 01:16:33.226560 I | rafthttp: established a TCP streaming connection with peer 10bf218ab4a912ed (stream MsgApp v2 writer)
2018-11-29 01:16:33.226617 I | rafthttp: established a TCP streaming connection with peer 10bf218ab4a912ed (stream Message writer)
2018-11-29 01:16:33.247715 I | rafthttp: peer 8893f9e0ef4f611f became active
2018-11-29 01:16:33.247739 I | rafthttp: established a TCP streaming connection with peer 8893f9e0ef4f611f (stream MsgApp v2 writer)
2018-11-29 01:16:33.247785 I | rafthttp: established a TCP streaming connection with peer 8893f9e0ef4f611f (stream Message writer)
2018-11-29 01:16:33.252132 I | rafthttp: established a TCP streaming connection with peer 8893f9e0ef4f611f (stream MsgApp v2 reader)
2018-11-29 01:16:33.252245 I | rafthttp: established a TCP streaming connection with peer 8893f9e0ef4f611f (stream Message reader)
2018-11-29 01:16:33.389701 I | raft: f6f0c3a0ba455ab3 is starting a new election at term 1
2018-11-29 01:16:33.389779 I | raft: f6f0c3a0ba455ab3 became candidate at term 2
2018-11-29 01:16:33.389794 I | raft: f6f0c3a0ba455ab3 received MsgVoteResp from f6f0c3a0ba455ab3 at term 2
2018-11-29 01:16:33.389804 I | raft: f6f0c3a0ba455ab3 [logterm: 1, index: 5] sent MsgVote request to 10bf218ab4a912ed at term 2
2018-11-29 01:16:33.389815 I | raft: f6f0c3a0ba455ab3 [logterm: 1, index: 5] sent MsgVote request to 8893f9e0ef4f611f at term 2
2018-11-29 01:16:33.389824 I | raft: f6f0c3a0ba455ab3 [logterm: 1, index: 5] sent MsgVote request to e119ce2abc051435 at term 2
2018-11-29 01:16:33.389833 I | raft: f6f0c3a0ba455ab3 [logterm: 1, index: 5] sent MsgVote request to e7c1c60b864ae98b at term 2
2018-11-29 01:16:33.392043 I | raft: f6f0c3a0ba455ab3 received MsgVoteResp from e119ce2abc051435 at term 2
2018-11-29 01:16:33.392061 I | raft: f6f0c3a0ba455ab3 [quorum:3] has received 2 MsgVoteResp votes and 0 vote rejections
2018-11-29 01:16:33.392298 I | raft: f6f0c3a0ba455ab3 received MsgVoteResp from 8893f9e0ef4f611f at term 2
2018-11-29 01:16:33.392310 I | raft: f6f0c3a0ba455ab3 [quorum:3] has received 3 MsgVoteResp votes and 0 vote rejections
2018-11-29 01:16:33.392324 I | raft: f6f0c3a0ba455ab3 became leader at term 2
2018-11-29 01:16:33.392336 I | raft: raft.node: f6f0c3a0ba455ab3 elected leader f6f0c3a0ba455ab3 at term 2
2018-11-29 01:16:33.397008 I | etcdserver: published {Name:ec2-54-236-10-223.compute-1.amazonaws.com ClientURLs:[http://ec2-54-236-10-223.compute-1.amazonaws.com:2379]} to cluster 38957ac2ed0cbd2c
2018-11-29 01:16:33.397059 I | embed: ready to serve client requests
2018-11-29 01:16:33.397382 N | embed: serving insecure client requests on 172.31.25.64:2379, this is strongly discouraged!
2018-11-29 01:16:33.397889 E | etcdmain: forgot to set Type=notify in systemd service file?
2018-11-29 01:16:33.710983 I | rafthttp: peer e7c1c60b864ae98b became active
2018-11-29 01:16:33.711016 I | rafthttp: established a TCP streaming connection with peer e7c1c60b864ae98b (stream MsgApp v2 reader)
2018-11-29 01:16:33.720210 I | rafthttp: established a TCP streaming connection with peer e7c1c60b864ae98b (stream Message reader)
2018-11-29 01:16:33.721522 I | rafthttp: established a TCP streaming connection with peer e7c1c60b864ae98b (stream MsgApp v2 writer)
2018-11-29 01:16:33.721609 I | rafthttp: established a TCP streaming connection with peer e7c1c60b864ae98b (stream Message writer)
2018-11-29 01:16:33.721851 I | etcdserver: setting up the initial cluster version to 3.1
2018-11-29 01:16:33.723490 N | etcdserver/membership: set the initial cluster version to 3.1
2018-11-29 01:16:33.723532 I | etcdserver/api: enabled capabilities for version 3.1
