2018-11-29 01:24:08 Jepsen starting etcd :--log-output :stderr :--name ec2-52-90-218-187.compute-1.amazonaws.com :--listen-peer-urls http://ec2-52-90-218-187.compute-1.amazonaws.com:2380 :--listen-client-urls http://ec2-52-90-218-187.compute-1.amazonaws.com:2379 :--advertise-client-urls http://ec2-52-90-218-187.compute-1.amazonaws.com:2379 :--initial-cluster-state :new :--initial-advertise-peer-urls http://ec2-52-90-218-187.compute-1.amazonaws.com:2380 :--initial-cluster ec2-54-236-10-223.compute-1.amazonaws.com=http://ec2-54-236-10-223.compute-1.amazonaws.com:2380,ec2-100-24-16-184.compute-1.amazonaws.com=http://ec2-100-24-16-184.compute-1.amazonaws.com:2380,ec2-54-204-131-219.compute-1.amazonaws.com=http://ec2-54-204-131-219.compute-1.amazonaws.com:2380,ec2-52-90-218-187.compute-1.amazonaws.com=http://ec2-52-90-218-187.compute-1.amazonaws.com:2380,ec2-34-229-59-126.compute-1.amazonaws.com=http://ec2-34-229-59-126.compute-1.amazonaws.com:2380
2018-11-29 01:24:08.197565 I | etcdmain: etcd Version: 3.1.5
2018-11-29 01:24:08.197605 I | etcdmain: Git SHA: 20490ca
2018-11-29 01:24:08.197611 I | etcdmain: Go Version: go1.7.5
2018-11-29 01:24:08.197616 I | etcdmain: Go OS/Arch: linux/amd64
2018-11-29 01:24:08.197621 I | etcdmain: setting maximum number of CPUs to 2, total number of available CPUs is 2
2018-11-29 01:24:08.197629 W | etcdmain: no data-dir provided, using default data-dir ./ec2-52-90-218-187.compute-1.amazonaws.com.etcd
2018-11-29 01:24:08.197643 W | embed: expected IP in URL for binding (http://ec2-52-90-218-187.compute-1.amazonaws.com:2380)
2018-11-29 01:24:08.197650 W | embed: expected IP in URL for binding (http://ec2-52-90-218-187.compute-1.amazonaws.com:2379)
2018-11-29 01:24:08.205103 I | embed: listening for peers on http://ec2-52-90-218-187.compute-1.amazonaws.com:2380
2018-11-29 01:24:08.205625 I | embed: listening for client requests on ec2-52-90-218-187.compute-1.amazonaws.com:2379
2018-11-29 01:24:08.210162 I | pkg/netutil: resolving ec2-52-90-218-187.compute-1.amazonaws.com:2380 to 172.31.29.248:2380
2018-11-29 01:24:08.210623 I | pkg/netutil: resolving ec2-52-90-218-187.compute-1.amazonaws.com:2380 to 172.31.29.248:2380
2018-11-29 01:24:12.211708 I | etcdserver: name = ec2-52-90-218-187.compute-1.amazonaws.com
2018-11-29 01:24:12.211754 I | etcdserver: data dir = ec2-52-90-218-187.compute-1.amazonaws.com.etcd
2018-11-29 01:24:12.211763 I | etcdserver: member dir = ec2-52-90-218-187.compute-1.amazonaws.com.etcd/member
2018-11-29 01:24:12.211769 I | etcdserver: heartbeat = 100ms
2018-11-29 01:24:12.211774 I | etcdserver: election = 1000ms
2018-11-29 01:24:12.211780 I | etcdserver: snapshot count = 10000
2018-11-29 01:24:12.211794 I | etcdserver: advertise client URLs = http://ec2-52-90-218-187.compute-1.amazonaws.com:2379
2018-11-29 01:24:12.211802 I | etcdserver: initial advertise peer URLs = http://ec2-52-90-218-187.compute-1.amazonaws.com:2380
2018-11-29 01:24:12.211830 I | etcdserver: initial cluster = ec2-100-24-16-184.compute-1.amazonaws.com=http://ec2-100-24-16-184.compute-1.amazonaws.com:2380,ec2-34-229-59-126.compute-1.amazonaws.com=http://ec2-34-229-59-126.compute-1.amazonaws.com:2380,ec2-52-90-218-187.compute-1.amazonaws.com=http://ec2-52-90-218-187.compute-1.amazonaws.com:2380,ec2-54-204-131-219.compute-1.amazonaws.com=http://ec2-54-204-131-219.compute-1.amazonaws.com:2380,ec2-54-236-10-223.compute-1.amazonaws.com=http://ec2-54-236-10-223.compute-1.amazonaws.com:2380
2018-11-29 01:24:12.217362 I | etcdserver: starting member e7c1c60b864ae98b in cluster 38957ac2ed0cbd2c
2018-11-29 01:24:12.217394 I | raft: e7c1c60b864ae98b became follower at term 0
2018-11-29 01:24:12.217407 I | raft: newRaft e7c1c60b864ae98b [peers: [], term: 0, commit: 0, applied: 0, lastindex: 0, lastterm: 0]
2018-11-29 01:24:12.217414 I | raft: e7c1c60b864ae98b became follower at term 1
2018-11-29 01:24:12.230366 I | rafthttp: starting peer 10bf218ab4a912ed...
2018-11-29 01:24:12.230418 I | rafthttp: started HTTP pipelining with peer 10bf218ab4a912ed
2018-11-29 01:24:12.234895 I | rafthttp: started streaming with peer 10bf218ab4a912ed (writer)
2018-11-29 01:24:12.234930 I | rafthttp: started streaming with peer 10bf218ab4a912ed (stream Message reader)
2018-11-29 01:24:12.234983 I | rafthttp: started streaming with peer 10bf218ab4a912ed (stream MsgApp v2 reader)
2018-11-29 01:24:12.235081 I | rafthttp: started peer 10bf218ab4a912ed
2018-11-29 01:24:12.235111 I | rafthttp: added peer 10bf218ab4a912ed
2018-11-29 01:24:12.235130 I | rafthttp: starting peer 8893f9e0ef4f611f...
2018-11-29 01:24:12.235147 I | rafthttp: started HTTP pipelining with peer 8893f9e0ef4f611f
2018-11-29 01:24:12.235248 I | rafthttp: started streaming with peer 10bf218ab4a912ed (writer)
2018-11-29 01:24:12.239014 I | rafthttp: started peer 8893f9e0ef4f611f
2018-11-29 01:24:12.239040 I | rafthttp: added peer 8893f9e0ef4f611f
2018-11-29 01:24:12.239058 I | rafthttp: starting peer e119ce2abc051435...
2018-11-29 01:24:12.239096 I | rafthttp: started HTTP pipelining with peer e119ce2abc051435
2018-11-29 01:24:12.240058 I | rafthttp: started streaming with peer 8893f9e0ef4f611f (writer)
2018-11-29 01:24:12.240312 I | rafthttp: started streaming with peer 8893f9e0ef4f611f (writer)
2018-11-29 01:24:12.240361 I | rafthttp: started streaming with peer 8893f9e0ef4f611f (stream Message reader)
2018-11-29 01:24:12.241359 I | rafthttp: started streaming with peer e119ce2abc051435 (writer)
2018-11-29 01:24:12.241396 I | rafthttp: started peer e119ce2abc051435
2018-11-29 01:24:12.241421 I | rafthttp: added peer e119ce2abc051435
2018-11-29 01:24:12.241434 I | rafthttp: starting peer f6f0c3a0ba455ab3...
2018-11-29 01:24:12.241447 I | rafthttp: started HTTP pipelining with peer f6f0c3a0ba455ab3
2018-11-29 01:24:12.241865 I | rafthttp: started streaming with peer e119ce2abc051435 (writer)
2018-11-29 01:24:12.241968 I | rafthttp: started streaming with peer 8893f9e0ef4f611f (stream MsgApp v2 reader)
2018-11-29 01:24:12.242324 I | rafthttp: started streaming with peer e119ce2abc051435 (stream MsgApp v2 reader)
2018-11-29 01:24:12.242846 I | rafthttp: started streaming with peer e119ce2abc051435 (stream Message reader)
2018-11-29 01:24:12.245041 I | rafthttp: started peer f6f0c3a0ba455ab3
2018-11-29 01:24:12.245070 I | rafthttp: added peer f6f0c3a0ba455ab3
2018-11-29 01:24:12.245086 I | etcdserver: starting server... [version: 3.1.5, cluster version: to_be_decided]
2018-11-29 01:24:12.245335 I | rafthttp: started streaming with peer f6f0c3a0ba455ab3 (writer)
2018-11-29 01:24:12.245372 I | rafthttp: started streaming with peer f6f0c3a0ba455ab3 (stream MsgApp v2 reader)
2018-11-29 01:24:12.245535 I | rafthttp: started streaming with peer f6f0c3a0ba455ab3 (stream Message reader)
2018-11-29 01:24:12.246243 I | rafthttp: peer 8893f9e0ef4f611f became active
2018-11-29 01:24:12.246267 I | rafthttp: established a TCP streaming connection with peer 8893f9e0ef4f611f (stream Message writer)
2018-11-29 01:24:12.247529 I | rafthttp: peer f6f0c3a0ba455ab3 became active
2018-11-29 01:24:12.247548 I | rafthttp: established a TCP streaming connection with peer f6f0c3a0ba455ab3 (stream Message writer)
2018-11-29 01:24:12.247871 I | rafthttp: established a TCP streaming connection with peer 8893f9e0ef4f611f (stream MsgApp v2 writer)
2018-11-29 01:24:12.248015 I | etcdserver/membership: added member 10bf218ab4a912ed [http://ec2-54-204-131-219.compute-1.amazonaws.com:2380] to cluster 38957ac2ed0cbd2c
2018-11-29 01:24:12.248138 I | etcdserver/membership: added member 8893f9e0ef4f611f [http://ec2-34-229-59-126.compute-1.amazonaws.com:2380] to cluster 38957ac2ed0cbd2c
2018-11-29 01:24:12.248281 I | etcdserver/membership: added member e119ce2abc051435 [http://ec2-100-24-16-184.compute-1.amazonaws.com:2380] to cluster 38957ac2ed0cbd2c
2018-11-29 01:24:12.248361 I | rafthttp: started streaming with peer f6f0c3a0ba455ab3 (writer)
2018-11-29 01:24:12.248417 I | rafthttp: established a TCP streaming connection with peer f6f0c3a0ba455ab3 (stream MsgApp v2 writer)
2018-11-29 01:24:12.248525 I | etcdserver/membership: added member e7c1c60b864ae98b [http://ec2-52-90-218-187.compute-1.amazonaws.com:2380] to cluster 38957ac2ed0cbd2c
2018-11-29 01:24:12.248670 I | etcdserver/membership: added member f6f0c3a0ba455ab3 [http://ec2-54-236-10-223.compute-1.amazonaws.com:2380] to cluster 38957ac2ed0cbd2c
2018-11-29 01:24:12.248757 I | rafthttp: peer 10bf218ab4a912ed became active
2018-11-29 01:24:12.248773 I | rafthttp: established a TCP streaming connection with peer 10bf218ab4a912ed (stream MsgApp v2 reader)
2018-11-29 01:24:12.248874 I | rafthttp: established a TCP streaming connection with peer 10bf218ab4a912ed (stream Message reader)
2018-11-29 01:24:12.249106 I | rafthttp: established a TCP streaming connection with peer 8893f9e0ef4f611f (stream MsgApp v2 reader)
2018-11-29 01:24:12.249409 I | rafthttp: established a TCP streaming connection with peer 10bf218ab4a912ed (stream MsgApp v2 writer)
2018-11-29 01:24:12.249893 I | rafthttp: established a TCP streaming connection with peer 8893f9e0ef4f611f (stream Message reader)
2018-11-29 01:24:12.249959 I | rafthttp: established a TCP streaming connection with peer 10bf218ab4a912ed (stream Message writer)
2018-11-29 01:24:12.252087 I | rafthttp: peer e119ce2abc051435 became active
2018-11-29 01:24:12.252118 I | rafthttp: established a TCP streaming connection with peer e119ce2abc051435 (stream MsgApp v2 reader)
2018-11-29 01:24:12.257287 I | rafthttp: established a TCP streaming connection with peer e119ce2abc051435 (stream Message reader)
2018-11-29 01:24:12.257332 I | rafthttp: established a TCP streaming connection with peer f6f0c3a0ba455ab3 (stream Message reader)
2018-11-29 01:24:12.257342 I | rafthttp: established a TCP streaming connection with peer e119ce2abc051435 (stream Message writer)
2018-11-29 01:24:12.257370 I | rafthttp: established a TCP streaming connection with peer f6f0c3a0ba455ab3 (stream MsgApp v2 reader)
2018-11-29 01:24:12.257489 I | rafthttp: established a TCP streaming connection with peer e119ce2abc051435 (stream MsgApp v2 writer)
2018-11-29 01:24:12.312397 I | raft: e7c1c60b864ae98b [term: 1] received a MsgVote message with higher term from 8893f9e0ef4f611f [term: 2]
2018-11-29 01:24:12.312434 I | raft: e7c1c60b864ae98b became follower at term 2
2018-11-29 01:24:12.312446 I | raft: e7c1c60b864ae98b [logterm: 1, index: 5, vote: 0] cast MsgVote for 8893f9e0ef4f611f [logterm: 1, index: 5] at term 2
2018-11-29 01:24:12.314131 I | raft: raft.node: e7c1c60b864ae98b elected leader 8893f9e0ef4f611f at term 2
2018-11-29 01:24:12.318464 I | etcdserver: published {Name:ec2-52-90-218-187.compute-1.amazonaws.com ClientURLs:[http://ec2-52-90-218-187.compute-1.amazonaws.com:2379]} to cluster 38957ac2ed0cbd2c
2018-11-29 01:24:12.318532 I | embed: ready to serve client requests
2018-11-29 01:24:12.318814 N | embed: serving insecure client requests on 172.31.29.248:2379, this is strongly discouraged!
2018-11-29 01:24:12.320152 E | etcdmain: forgot to set Type=notify in systemd service file?
2018-11-29 01:24:12.326166 N | etcdserver/membership: set the initial cluster version to 3.1
2018-11-29 01:24:12.328327 I | etcdserver/api: enabled capabilities for version 3.1
2018-11-29 01:24:17.237711 W | rafthttp: the clock difference against peer 10bf218ab4a912ed is too high [1.482488001s > 1s]
2018-11-29 01:24:17.241522 W | rafthttp: the clock difference against peer 8893f9e0ef4f611f is too high [1.255700045s > 1s]
2018-11-29 01:24:17.243104 W | rafthttp: the clock difference against peer e119ce2abc051435 is too high [1.383403367s > 1s]
2018-11-29 01:24:17.245797 W | rafthttp: the clock difference against peer f6f0c3a0ba455ab3 is too high [1.015927206s > 1s]
